InnoDB: using atomic writes.
2020-11-20 12:52:01 0 [Note] InnoDB: Mutexes and rw_locks use Windows interlocked functions
2020-11-20 12:52:01 0 [Note] InnoDB: Uses event mutexes
2020-11-20 12:52:01 0 [Note] InnoDB: Compressed tables use zlib 1.2.11
2020-11-20 12:52:01 0 [Note] InnoDB: Number of pools: 1
2020-11-20 12:52:01 0 [Note] InnoDB: Using SSE2 crc32 instructions
2020-11-20 12:52:01 0 [Note] InnoDB: Initializing buffer pool, total size = 16M, instances = 1, chunk size = 16M
2020-11-20 12:52:01 0 [Note] InnoDB: Completed initialization of buffer pool
2020-11-20 12:52:01 0 [Note] InnoDB: Starting crash recovery from checkpoint LSN=300288
2020-11-20 12:52:01 0 [Note] InnoDB: 128 out of 128 rollback segments are active.
2020-11-20 12:52:01 0 [Note] InnoDB: Removed temporary tablespace data file: "ibtmp1"
2020-11-20 12:52:01 0 [Note] InnoDB: Creating shared tablespace for temporary tables
2020-11-20 12:52:01 0 [Note] InnoDB: Setting file 'C:\xampp\mysql\data\ibtmp1' size to 12 MB. Physically writing the file full; Please wait ...
2020-11-20 12:52:01 0 [Note] InnoDB: File 'C:\xampp\mysql\data\ibtmp1' size is now 12 MB.
2020-11-20 12:52:01 0 [Note] InnoDB: 10.4.16 started; log sequence number 300297; transaction id 170
2020-11-20 12:52:01 0 [Note] InnoDB: Loading buffer pool(s) from C:\xampp\mysql\data\ib_buffer_pool
2020-11-20 12:52:01 0 [Note] Plugin 'FEEDBACK' is disabled.
2020-11-20 12:52:01 0 [Note] Server socket created on IP: '::'.
InnoDB: using atomic writes.
2020-11-21 17:35:44 0 [Note] InnoDB: Mutexes and rw_locks use Windows interlocked functions
2020-11-21 17:35:44 0 [Note] InnoDB: Uses event mutexes
2020-11-21 17:35:44 0 [Note] InnoDB: Compressed tables use zlib 1.2.11
2020-11-21 17:35:44 0 [Note] InnoDB: Number of pools: 1
2020-11-21 17:35:44 0 [Note] InnoDB: Using SSE2 crc32 instructions
2020-11-21 17:35:44 0 [Note] InnoDB: Initializing buffer pool, total size = 16M, instances = 1, chunk size = 16M
2020-11-21 17:35:44 0 [Note] InnoDB: Completed initialization of buffer pool
2020-11-21 17:35:44 0 [Note] InnoDB: Starting crash recovery from checkpoint LSN=300306
2020-11-21 17:35:44 0 [Note] InnoDB: 128 out of 128 rollback segments are active.
2020-11-21 17:35:44 0 [Note] InnoDB: Removed temporary tablespace data file: "ibtmp1"
2020-11-21 17:35:44 0 [Note] InnoDB: Creating shared tablespace for temporary tables
2020-11-21 17:35:44 0 [Note] InnoDB: Setting file 'C:\xampp\mysql\data\ibtmp1' size to 12 MB. Physically writing the file full; Please wait ...
2020-11-21 17:35:44 0 [Note] InnoDB: File 'C:\xampp\mysql\data\ibtmp1' size is now 12 MB.
2020-11-21 17:35:44 0 [Note] InnoDB: Waiting for purge to start
2020-11-21 17:35:44 0 [Note] InnoDB: 10.4.16 started; log sequence number 300315; transaction id 170
2020-11-21 17:35:44 0 [Note] InnoDB: Loading buffer pool(s) from C:\xampp\mysql\data\ib_buffer_pool
2020-11-21 17:35:44 0 [Note] Plugin 'FEEDBACK' is disabled.
2020-11-21 17:35:44 0 [Note] InnoDB: Buffer pool(s) load completed at 201121 17:35:44
2020-11-21 17:35:44 0 [Note] Server socket created on IP: '::'.
InnoDB: using atomic writes.
2020-11-21 19:52:22 0 [Note] InnoDB: Mutexes and rw_locks use Windows interlocked functions
2020-11-21 19:52:22 0 [Note] InnoDB: Uses event mutexes
2020-11-21 19:52:22 0 [Note] InnoDB: Compressed tables use zlib 1.2.11
2020-11-21 19:52:22 0 [Note] InnoDB: Number of pools: 1
2020-11-21 19:52:22 0 [Note] InnoDB: Using SSE2 crc32 instructions
2020-11-21 19:52:22 0 [Note] InnoDB: Initializing buffer pool, total size = 16M, instances = 1, chunk size = 16M
2020-11-21 19:52:22 0 [Note] InnoDB: Completed initialization of buffer pool
2020-11-21 19:52:22 0 [Note] InnoDB: Starting crash recovery from checkpoint LSN=308243
2020-11-21 19:52:22 0 [Note] InnoDB: 128 out of 128 rollback segments are active.
2020-11-21 19:52:22 0 [Note] InnoDB: Removed temporary tablespace data file: "ibtmp1"
2020-11-21 19:52:22 0 [Note] InnoDB: Creating shared tablespace for temporary tables
2020-11-21 19:52:22 0 [Note] InnoDB: Setting file 'C:\xampp\mysql\data\ibtmp1' size to 12 MB. Physically writing the file full; Please wait ...
2020-11-21 19:52:22 0 [Note] InnoDB: File 'C:\xampp\mysql\data\ibtmp1' size is now 12 MB.
2020-11-21 19:52:22 0 [Note] InnoDB: Waiting for purge to start
2020-11-21 19:52:22 0 [Note] InnoDB: 10.4.16 started; log sequence number 308252; transaction id 206
2020-11-21 19:52:22 0 [Note] InnoDB: Loading buffer pool(s) from C:\xampp\mysql\data\ib_buffer_pool
2020-11-21 19:52:22 0 [Note] Plugin 'FEEDBACK' is disabled.
2020-11-21 19:52:22 0 [Note] Server socket created on IP: '::'.
InnoDB: using atomic writes.
2020-11-24  9:58:28 0 [Note] InnoDB: Mutexes and rw_locks use Windows interlocked functions
2020-11-24  9:58:28 0 [Note] InnoDB: Uses event mutexes
2020-11-24  9:58:28 0 [Note] InnoDB: Compressed tables use zlib 1.2.11
2020-11-24  9:58:28 0 [Note] InnoDB: Number of pools: 1
2020-11-24  9:58:28 0 [Note] InnoDB: Using SSE2 crc32 instructions
2020-11-24  9:58:28 0 [Note] InnoDB: Initializing buffer pool, total size = 16M, instances = 1, chunk size = 16M
2020-11-24  9:58:28 0 [Note] InnoDB: Completed initialization of buffer pool
2020-11-24  9:58:28 0 [Note] InnoDB: Starting crash recovery from checkpoint LSN=316354
2020-11-24  9:58:28 0 [Note] InnoDB: 128 out of 128 rollback segments are active.
2020-11-24  9:58:28 0 [Note] InnoDB: Removed temporary tablespace data file: "ibtmp1"
2020-11-24  9:58:28 0 [Note] InnoDB: Creating shared tablespace for temporary tables
2020-11-24  9:58:28 0 [Note] InnoDB: Setting file 'C:\xampp\mysql\data\ibtmp1' size to 12 MB. Physically writing the file full; Please wait ...
2020-11-24  9:58:28 0 [Note] InnoDB: File 'C:\xampp\mysql\data\ibtmp1' size is now 12 MB.
2020-11-24  9:58:28 0 [Note] InnoDB: Waiting for purge to start
2020-11-24  9:58:28 0 [Note] InnoDB: 10.4.16 started; log sequence number 316363; transaction id 247
2020-11-24  9:58:28 0 [Note] InnoDB: Loading buffer pool(s) from C:\xampp\mysql\data\ib_buffer_pool
2020-11-24  9:58:28 0 [Note] Plugin 'FEEDBACK' is disabled.
2020-11-24  9:58:28 0 [Note] InnoDB: Buffer pool(s) load completed at 201124  9:58:28
2020-11-24  9:58:28 0 [Note] Server socket created on IP: '::'.
InnoDB: using atomic writes.
2020-11-24 12:52:50 0 [Note] InnoDB: Mutexes and rw_locks use Windows interlocked functions
2020-11-24 12:52:50 0 [Note] InnoDB: Uses event mutexes
2020-11-24 12:52:50 0 [Note] InnoDB: Compressed tables use zlib 1.2.11
2020-11-24 12:52:50 0 [Note] InnoDB: Number of pools: 1
2020-11-24 12:52:50 0 [Note] InnoDB: Using SSE2 crc32 instructions
2020-11-24 12:52:50 0 [Note] InnoDB: Initializing buffer pool, total size = 16M, instances = 1, chunk size = 16M
2020-11-24 12:52:50 0 [Note] InnoDB: Completed initialization of buffer pool
2020-11-24 12:52:50 0 [Note] InnoDB: Starting crash recovery from checkpoint LSN=320554
2020-11-24 12:52:51 0 [Note] InnoDB: 128 out of 128 rollback segments are active.
2020-11-24 12:52:51 0 [Note] InnoDB: Removed temporary tablespace data file: "ibtmp1"
2020-11-24 12:52:51 0 [Note] InnoDB: Creating shared tablespace for temporary tables
2020-11-24 12:52:51 0 [Note] InnoDB: Setting file 'C:\xampp\mysql\data\ibtmp1' size to 12 MB. Physically writing the file full; Please wait ...
2020-11-24 12:52:51 0 [Note] InnoDB: File 'C:\xampp\mysql\data\ibtmp1' size is now 12 MB.
2020-11-24 12:52:51 0 [Note] InnoDB: 10.4.16 started; log sequence number 320563; transaction id 288
2020-11-24 12:52:51 0 [Note] InnoDB: Loading buffer pool(s) from C:\xampp\mysql\data\ib_buffer_pool
2020-11-24 12:52:51 0 [Note] Plugin 'FEEDBACK' is disabled.
2020-11-24 12:52:51 0 [Note] Server socket created on IP: '::'.
InnoDB: using atomic writes.
2020-11-25 16:13:31 0 [Note] InnoDB: Mutexes and rw_locks use Windows interlocked functions
2020-11-25 16:13:31 0 [Note] InnoDB: Uses event mutexes
2020-11-25 16:13:31 0 [Note] InnoDB: Compressed tables use zlib 1.2.11
2020-11-25 16:13:31 0 [Note] InnoDB: Number of pools: 1
2020-11-25 16:13:31 0 [Note] InnoDB: Using SSE2 crc32 instructions
2020-11-25 16:13:31 0 [Note] InnoDB: Initializing buffer pool, total size = 16M, instances = 1, chunk size = 16M
2020-11-25 16:13:31 0 [Note] InnoDB: Completed initialization of buffer pool
2020-11-25 16:13:31 0 [Note] InnoDB: Starting crash recovery from checkpoint LSN=320873
2020-11-25 16:13:31 0 [Note] InnoDB: 128 out of 128 rollback segments are active.
2020-11-25 16:13:31 0 [Note] InnoDB: Removed temporary tablespace data file: "ibtmp1"
2020-11-25 16:13:31 0 [Note] InnoDB: Creating shared tablespace for temporary tables
2020-11-25 16:13:31 0 [Note] InnoDB: Setting file 'C:\xampp\mysql\data\ibtmp1' size to 12 MB. Physically writing the file full; Please wait ...
2020-11-25 16:13:31 0 [Note] InnoDB: File 'C:\xampp\mysql\data\ibtmp1' size is now 12 MB.
2020-11-25 16:13:31 0 [Note] InnoDB: 10.4.16 started; log sequence number 320882; transaction id 311
2020-11-25 16:13:31 0 [Note] InnoDB: Loading buffer pool(s) from C:\xampp\mysql\data\ib_buffer_pool
2020-11-25 16:13:31 0 [Note] Plugin 'FEEDBACK' is disabled.
2020-11-25 16:13:31 0 [Note] Server socket created on IP: '::'.
InnoDB: using atomic writes.
2020-11-28  9:21:05 0 [Note] InnoDB: Mutexes and rw_locks use Windows interlocked functions
2020-11-28  9:21:05 0 [Note] InnoDB: Uses event mutexes
2020-11-28  9:21:05 0 [Note] InnoDB: Compressed tables use zlib 1.2.11
2020-11-28  9:21:05 0 [Note] InnoDB: Number of pools: 1
2020-11-28  9:21:05 0 [Note] InnoDB: Using SSE2 crc32 instructions
2020-11-28  9:21:05 0 [Note] InnoDB: Initializing buffer pool, total size = 16M, instances = 1, chunk size = 16M
2020-11-28  9:21:05 0 [Note] InnoDB: Completed initialization of buffer pool
2020-11-28  9:21:05 0 [Note] InnoDB: The log sequence number 139827 in the system tablespace does not match the log sequence number 324620 in the ib_logfiles!
2020-11-28  9:21:05 0 [Note] InnoDB: 128 out of 128 rollback segments are active.
2020-11-28  9:21:05 0 [Note] InnoDB: Removed temporary tablespace data file: "ibtmp1"
2020-11-28  9:21:05 0 [Note] InnoDB: Creating shared tablespace for temporary tables
2020-11-28  9:21:05 0 [Note] InnoDB: Setting file 'C:\xampp\mysql\data\ibtmp1' size to 12 MB. Physically writing the file full; Please wait ...
2020-11-28  9:21:05 0 [Note] InnoDB: File 'C:\xampp\mysql\data\ibtmp1' size is now 12 MB.
2020-11-28  9:21:05 0 [Note] InnoDB: 10.4.16 started; log sequence number 324620; transaction id 348
2020-11-28  9:21:05 0 [Note] InnoDB: Loading buffer pool(s) from C:\xampp\mysql\data\ib_buffer_pool
2020-11-28  9:21:05 0 [Note] Plugin 'FEEDBACK' is disabled.
2020-11-28  9:21:05 0 [Note] Server socket created on IP: '::'.
